2025-02-07T18:46:35.211+07:00  INFO 13256 --- [healthtrackr] [http-nio-8080-exec-1] o.a.c.c.C.[Tomcat].[localhost].[/]       : Initializing Spring DispatcherServlet 'dispatcherServlet'
2025-02-07T18:46:35.212+07:00  INFO 13256 --- [healthtrackr] [http-nio-8080-exec-1] o.s.web.servlet.DispatcherServlet        : Initializing Servlet 'dispatcherServlet'
2025-02-07T18:46:35.214+07:00  INFO 13256 --- [healthtrackr] [http-nio-8080-exec-1] o.s.web.servlet.DispatcherServlet        : Completed initialization in 1 ms
2025-02-07T18:46:35.230+07:00 DEBUG 13256 --- [healthtrackr] [http-nio-8080-exec-1] o.s.security.web.FilterChainProxy        : Securing GET /api/exercises/search?name=bench&bodyPart=chest&page=0&size=10
2025-02-07T18:46:35.263+07:00 DEBUG 13256 --- [healthtrackr] [http-nio-8080-exec-1] o.s.security.web.FilterChainProxy        : Secured GET /api/exercises/search?name=bench&bodyPart=chest&page=0&size=10
2025-02-07T18:46:35.284+07:00 DEBUG 13256 --- [healthtrackr] [http-nio-8080-exec-1] o.s.s.w.a.AnonymousAuthenticationFilter  : Set SecurityContextHolder to anonymous SecurityContext
2025-02-07T18:46:35.292+07:00 DEBUG 13256 --- [healthtrackr] [http-nio-8080-exec-1] o.s.security.web.FilterChainProxy        : Securing GET /error?name=bench&bodyPart=chest&page=0&size=10
2025-02-07T18:46:35.292+07:00 DEBUG 13256 --- [healthtrackr] [http-nio-8080-exec-1] o.s.s.w.a.AnonymousAuthenticationFilter  : Set SecurityContextHolder to anonymous SecurityContext
2025-02-07T18:46:35.330+07:00 DEBUG 13256 --- [healthtrackr] [http-nio-8080-exec-1] o.s.s.w.s.HttpSessionRequestCache        : Saved request http://localhost:8080/error?name=bench&bodyPart=chest&page=0&size=10&continue to session
2025-02-07T18:46:35.330+07:00 DEBUG 13256 --- [healthtrackr] [http-nio-8080-exec-1] o.s.s.w.a.Http403ForbiddenEntryPoint     : Pre-authenticated entry point called. Rejecting access
2025-02-07T18:48:42.890+07:00 DEBUG 13256 --- [healthtrackr] [http-nio-8080-exec-5] o.s.security.web.FilterChainProxy        : Securing POST /api/auth/signin
2025-02-07T18:48:42.891+07:00 DEBUG 13256 --- [healthtrackr] [http-nio-8080-exec-5] o.s.security.web.FilterChainProxy        : Secured POST /api/auth/signin
2025-02-07T18:48:43.327+07:00 DEBUG 13256 --- [healthtrackr] [http-nio-8080-exec-5] o.s.s.w.a.AnonymousAuthenticationFilter  : Set SecurityContextHolder to anonymous SecurityContext
2025-02-07T18:48:55.566+07:00 DEBUG 13256 --- [healthtrackr] [http-nio-8080-exec-6] o.s.security.web.FilterChainProxy        : Securing GET /api/exercises/search?name=bench&bodyPart=chest&page=0&size=10
2025-02-07T18:48:55.624+07:00 DEBUG 13256 --- [healthtrackr] [http-nio-8080-exec-6] o.s.security.web.FilterChainProxy        : Secured GET /api/exercises/search?name=bench&bodyPart=chest&page=0&size=10
2025-02-07T18:48:55.630+07:00 DEBUG 13256 --- [healthtrackr] [http-nio-8080-exec-6] o.s.security.web.FilterChainProxy        : Securing GET /error?name=bench&bodyPart=chest&page=0&size=10
2025-02-07T18:48:55.631+07:00 DEBUG 13256 --- [healthtrackr] [http-nio-8080-exec-6] o.s.s.w.a.AnonymousAuthenticationFilter  : Set SecurityContextHolder to anonymous SecurityContext
2025-02-07T18:48:55.632+07:00 DEBUG 13256 --- [healthtrackr] [http-nio-8080-exec-6] o.s.s.w.s.HttpSessionRequestCache        : Saved request http://localhost:8080/error?name=bench&bodyPart=chest&page=0&size=10&continue to session
2025-02-07T18:48:55.632+07:00 DEBUG 13256 --- [healthtrackr] [http-nio-8080-exec-6] o.s.s.w.a.Http403ForbiddenEntryPoint     : Pre-authenticated entry point called. Rejecting access
2025-02-07T18:51:21.467+07:00 DEBUG 13256 --- [healthtrackr] [http-nio-8080-exec-9] o.s.security.web.FilterChainProxy        : Securing GET /api/exercises/search?name=bench&bodyPart=chest&page=0&size=10
2025-02-07T18:51:21.468+07:00 DEBUG 13256 --- [healthtrackr] [http-nio-8080-exec-9] o.s.security.web.FilterChainProxy        : Secured GET /api/exercises/search?name=bench&bodyPart=chest&page=0&size=10
2025-02-07T18:51:21.472+07:00 DEBUG 13256 --- [healthtrackr] [http-nio-8080-exec-9] o.s.s.w.a.AnonymousAuthenticationFilter  : Set SecurityContextHolder to anonymous SecurityContext
2025-02-07T18:51:21.474+07:00 DEBUG 13256 --- [healthtrackr] [http-nio-8080-exec-9] o.s.security.web.FilterChainProxy        : Securing GET /error?name=bench&bodyPart=chest&page=0&size=10
2025-02-07T18:51:21.475+07:00 DEBUG 13256 --- [healthtrackr] [http-nio-8080-exec-9] o.s.s.w.a.AnonymousAuthenticationFilter  : Set SecurityContextHolder to anonymous SecurityContext
2025-02-07T18:51:21.475+07:00 DEBUG 13256 --- [healthtrackr] [http-nio-8080-exec-9] o.s.s.w.s.HttpSessionRequestCache        : Saved request http://localhost:8080/error?name=bench&bodyPart=chest&page=0&size=10&continue to session
2025-02-07T18:51:21.475+07:00 DEBUG 13256 --- [healthtrackr] [http-nio-8080-exec-9] o.s.s.w.a.Http403ForbiddenEntryPoint     : Pre-authenticated entry point called. Rejecting access
2025-02-07T18:52:11.389+07:00  INFO 16200 --- [healthtrackr] [restartedMain] c.e.h.HealthtrackrApplication            : Starting HealthtrackrApplication using Java 17.0.10 with PID 16200 (D:\code\java\healthtrackr\build\classes\java\main started by Admin in D:\code\java\healthtrackr)
2025-02-07T18:52:11.391+07:00  INFO 16200 --- [healthtrackr] [restartedMain] c.e.h.HealthtrackrApplication            : No active profile set, falling back to 1 default profile: "default"
2025-02-07T18:52:11.450+07:00  INFO 16200 --- [healthtrackr] [restartedMain] o.s.b.devtools.restart.ChangeableUrls    : The Class-Path manifest attribute in C:\Users\Admin\.gradle\caches\modules-2\files-2.1\org.glassfish.jaxb\jaxb-runtime\2.3.1\dd6dda9da676a54c5b36ca2806ff95ee017d8738\jaxb-runtime-2.3.1.jar referenced one or more files that do not exist: file:/C:/Users/Admin/.gradle/caches/modules-2/files-2.1/org.glassfish.jaxb/jaxb-runtime/2.3.1/dd6dda9da676a54c5b36ca2806ff95ee017d8738/jaxb-api-2.3.1.jar,file:/C:/Users/Admin/.gradle/caches/modules-2/files-2.1/org.glassfish.jaxb/jaxb-runtime/2.3.1/dd6dda9da676a54c5b36ca2806ff95ee017d8738/txw2-2.3.1.jar,file:/C:/Users/Admin/.gradle/caches/modules-2/files-2.1/org.glassfish.jaxb/jaxb-runtime/2.3.1/dd6dda9da676a54c5b36ca2806ff95ee017d8738/istack-commons-runtime-3.0.7.jar,file:/C:/Users/Admin/.gradle/caches/modules-2/files-2.1/org.glassfish.jaxb/jaxb-runtime/2.3.1/dd6dda9da676a54c5b36ca2806ff95ee017d8738/stax-ex-1.8.jar,file:/C:/Users/Admin/.gradle/caches/modules-2/files-2.1/org.glassfish.jaxb/jaxb-runtime/2.3.1/dd6dda9da676a54c5b36ca2806ff95ee017d8738/FastInfoset-1.2.15.jar,file:/C:/Users/Admin/.gradle/caches/modules-2/files-2.1/org.glassfish.jaxb/jaxb-runtime/2.3.1/dd6dda9da676a54c5b36ca2806ff95ee017d8738/javax.activation-api-1.2.0.jar
2025-02-07T18:52:11.450+07:00  INFO 16200 --- [healthtrackr] [restartedMain] .e.DevToolsPropertyDefaultsPostProcessor : Devtools property defaults active! Set 'spring.devtools.add-properties' to 'false' to disable
2025-02-07T18:52:11.450+07:00  INFO 16200 --- [healthtrackr] [restartedMain] .e.DevToolsPropertyDefaultsPostProcessor : For additional web related logging consider setting the 'logging.level.web' property to 'DEBUG'
2025-02-07T18:52:12.276+07:00  INFO 16200 --- [healthtrackr] [restartedMain] .s.d.r.c.RepositoryConfigurationDelegate : Bootstrapping Spring Data JPA repositories in DEFAULT mode.
2025-02-07T18:52:12.366+07:00  INFO 16200 --- [healthtrackr] [restartedMain] .s.d.r.c.RepositoryConfigurationDelegate : Finished Spring Data repository scanning in 76 ms. Found 2 JPA repository interfaces.
2025-02-07T18:52:13.109+07:00  INFO 16200 --- [healthtrackr] [restartedMain] o.s.b.w.embedded.tomcat.TomcatWebServer  : Tomcat initialized with port 8080 (http)
2025-02-07T18:52:13.123+07:00  INFO 16200 --- [healthtrackr] [restartedMain] o.apache.catalina.core.StandardService   : Starting service [Tomcat]
2025-02-07T18:52:13.124+07:00  INFO 16200 --- [healthtrackr] [restartedMain] o.apache.catalina.core.StandardEngine    : Starting Servlet engine: [Apache Tomcat/10.1.34]
2025-02-07T18:52:13.185+07:00  INFO 16200 --- [healthtrackr] [restartedMain] o.a.c.c.C.[Tomcat].[localhost].[/]       : Initializing Spring embedded WebApplicationContext
2025-02-07T18:52:13.186+07:00  INFO 16200 --- [healthtrackr] [restartedMain] w.s.c.ServletWebServerApplicationContext : Root WebApplicationContext: initialization completed in 1734 ms
2025-02-07T18:52:13.331+07:00  INFO 16200 --- [healthtrackr] [restartedMain] o.hibernate.jpa.internal.util.LogHelper  : HHH000204: Processing PersistenceUnitInfo [name: default]
2025-02-07T18:52:13.397+07:00  INFO 16200 --- [healthtrackr] [restartedMain] org.hibernate.Version                    : HHH000412: Hibernate ORM core version 6.6.5.Final
2025-02-07T18:52:13.441+07:00  INFO 16200 --- [healthtrackr] [restartedMain] o.h.c.internal.RegionFactoryInitiator    : HHH000026: Second-level cache disabled
2025-02-07T18:52:13.778+07:00  INFO 16200 --- [healthtrackr] [restartedMain] o.s.o.j.p.SpringPersistenceUnitInfo      : No LoadTimeWeaver setup: ignoring JPA class transformer
2025-02-07T18:52:13.815+07:00  INFO 16200 --- [healthtrackr] [restartedMain] com.zaxxer.hikari.HikariDataSource       : HikariPool-1 - Starting...
2025-02-07T18:52:14.009+07:00  INFO 16200 --- [healthtrackr] [restartedMain] com.zaxxer.hikari.pool.HikariPool        : HikariPool-1 - Added connection com.mysql.cj.jdbc.ConnectionImpl@17c0a468
2025-02-07T18:52:14.012+07:00  INFO 16200 --- [healthtrackr] [restartedMain] com.zaxxer.hikari.HikariDataSource       : HikariPool-1 - Start completed.
2025-02-07T18:52:14.072+07:00  WARN 16200 --- [healthtrackr] [restartedMain] org.hibernate.dialect.Dialect            : HHH000511: The 5.5.5 version for [org.hibernate.dialect.MySQLDialect] is no longer supported, hence certain features may not work properly. The minimum supported version is 8.0.0. Check the community dialects project for available legacy versions.
2025-02-07T18:52:14.099+07:00  INFO 16200 --- [healthtrackr] [restartedMain] org.hibernate.orm.connections.pooling    : HHH10001005: Database info:
	Database JDBC URL [Connecting through datasource 'HikariDataSource (HikariPool-1)']
	Database driver: undefined/unknown
	Database version: 5.5.5
	Autocommit mode: undefined/unknown
	Isolation level: undefined/unknown
	Minimum pool size: undefined/unknown
	Maximum pool size: undefined/unknown
2025-02-07T18:52:15.151+07:00  INFO 16200 --- [healthtrackr] [restartedMain] o.h.e.t.j.p.i.JtaPlatformInitiator       : HHH000489: No JTA platform available (set 'hibernate.transaction.jta.platform' to enable JTA platform integration)
2025-02-07T18:52:15.251+07:00  INFO 16200 --- [healthtrackr] [restartedMain] j.LocalContainerEntityManagerFactoryBean : Initialized JPA EntityManagerFactory for persistence unit 'default'
2025-02-07T18:52:15.736+07:00  WARN 16200 --- [healthtrackr] [restartedMain] JpaBaseConfiguration$JpaWebConfiguration : spring.jpa.open-in-view is enabled by default. Therefore, database queries may be performed during view rendering. Explicitly configure spring.jpa.open-in-view to disable this warning
2025-02-07T18:52:15.770+07:00  INFO 16200 --- [healthtrackr] [restartedMain] r$InitializeUserDetailsManagerConfigurer : Global AuthenticationManager configured with UserDetailsService bean with name customUserDetailsService
2025-02-07T18:52:16.047+07:00 DEBUG 16200 --- [healthtrackr] [restartedMain] o.s.s.web.DefaultSecurityFilterChain     : Will secure any request with filters: DisableEncodeUrlFilter, WebAsyncManagerIntegrationFilter, SecurityContextHolderFilter, HeaderWriterFilter, CorsFilter, LogoutFilter, JwtAuthenticationFilter, RequestCacheAwareFilter, SecurityContextHolderAwareRequestFilter, AnonymousAuthenticationFilter, ExceptionTranslationFilter, AuthorizationFilter
2025-02-07T18:52:16.287+07:00  INFO 16200 --- [healthtrackr] [restartedMain] o.s.b.d.a.OptionalLiveReloadServer       : LiveReload server is running on port 35729
2025-02-07T18:52:16.323+07:00  INFO 16200 --- [healthtrackr] [restartedMain] o.s.b.w.embedded.tomcat.TomcatWebServer  : Tomcat started on port 8080 (http) with context path '/'
2025-02-07T18:52:16.334+07:00  INFO 16200 --- [healthtrackr] [restartedMain] c.e.h.HealthtrackrApplication            : Started HealthtrackrApplication in 5.529 seconds (process running for 6.061)
2025-02-07T18:52:32.208+07:00  INFO 16200 --- [healthtrackr] [http-nio-8080-exec-1] o.a.c.c.C.[Tomcat].[localhost].[/]       : Initializing Spring DispatcherServlet 'dispatcherServlet'
2025-02-07T18:52:32.208+07:00  INFO 16200 --- [healthtrackr] [http-nio-8080-exec-1] o.s.web.servlet.DispatcherServlet        : Initializing Servlet 'dispatcherServlet'
2025-02-07T18:52:32.210+07:00  INFO 16200 --- [healthtrackr] [http-nio-8080-exec-1] o.s.web.servlet.DispatcherServlet        : Completed initialization in 2 ms
2025-02-07T18:52:32.227+07:00 DEBUG 16200 --- [healthtrackr] [http-nio-8080-exec-1] o.s.security.web.FilterChainProxy        : Securing GET /api/exercises/search?name=bench&bodyPart=chest&page=0&size=10
2025-02-07T18:52:32.249+07:00 DEBUG 16200 --- [healthtrackr] [http-nio-8080-exec-1] o.s.security.web.FilterChainProxy        : Secured GET /api/exercises/search?name=bench&bodyPart=chest&page=0&size=10
2025-02-07T18:52:32.274+07:00 DEBUG 16200 --- [healthtrackr] [http-nio-8080-exec-1] o.s.s.w.a.AnonymousAuthenticationFilter  : Set SecurityContextHolder to anonymous SecurityContext
2025-02-07T18:52:32.283+07:00 DEBUG 16200 --- [healthtrackr] [http-nio-8080-exec-1] o.s.security.web.FilterChainProxy        : Securing GET /error?name=bench&bodyPart=chest&page=0&size=10
2025-02-07T18:52:32.284+07:00 DEBUG 16200 --- [healthtrackr] [http-nio-8080-exec-1] o.s.s.w.a.AnonymousAuthenticationFilter  : Set SecurityContextHolder to anonymous SecurityContext
2025-02-07T18:52:32.328+07:00 DEBUG 16200 --- [healthtrackr] [http-nio-8080-exec-1] o.s.s.w.s.HttpSessionRequestCache        : Saved request http://localhost:8080/error?name=bench&bodyPart=chest&page=0&size=10&continue to session
2025-02-07T18:52:32.329+07:00 DEBUG 16200 --- [healthtrackr] [http-nio-8080-exec-1] o.s.s.w.a.Http403ForbiddenEntryPoint     : Pre-authenticated entry point called. Rejecting access
2025-02-07T18:52:45.489+07:00  INFO 16200 --- [healthtrackr] [http-nio-8080-exec-3] o.apache.tomcat.util.http.parser.Cookie  : A cookie header was received [sidebar:state=false] that contained an invalid cookie. That cookie will be ignored.
 Note: further occurrences of this error will be logged at DEBUG level.
2025-02-07T18:52:45.494+07:00 DEBUG 16200 --- [healthtrackr] [http-nio-8080-exec-3] o.s.security.web.FilterChainProxy        : Securing GET /error?name=bench&bodyPart=chest&page=0&size=10&continue
2025-02-07T18:52:45.495+07:00 DEBUG 16200 --- [healthtrackr] [http-nio-8080-exec-3] o.s.s.w.a.AnonymousAuthenticationFilter  : Set SecurityContextHolder to anonymous SecurityContext
2025-02-07T18:52:45.497+07:00 DEBUG 16200 --- [healthtrackr] [http-nio-8080-exec-3] o.s.s.w.s.HttpSessionRequestCache        : Saved request http://localhost:8080/error?name=bench&bodyPart=chest&page=0&size=10&continue to session
2025-02-07T18:52:45.498+07:00 DEBUG 16200 --- [healthtrackr] [http-nio-8080-exec-3] o.s.s.w.a.Http403ForbiddenEntryPoint     : Pre-authenticated entry point called. Rejecting access
2025-02-07T18:52:45.499+07:00 DEBUG 16200 --- [healthtrackr] [http-nio-8080-exec-3] o.s.security.web.FilterChainProxy        : Securing GET /error?name=bench&bodyPart=chest&page=0&size=10&continue
2025-02-07T18:52:45.500+07:00 DEBUG 16200 --- [healthtrackr] [http-nio-8080-exec-3] o.s.s.w.s.HttpSessionRequestCache        : Loaded matching saved request http://localhost:8080/error?name=bench&bodyPart=chest&page=0&size=10&continue
2025-02-07T18:52:45.501+07:00 DEBUG 16200 --- [healthtrackr] [http-nio-8080-exec-3] o.s.s.w.a.AnonymousAuthenticationFilter  : Set SecurityContextHolder to anonymous SecurityContext
2025-02-07T18:52:45.504+07:00 DEBUG 16200 --- [healthtrackr] [http-nio-8080-exec-3] o.s.s.w.s.HttpSessionRequestCache        : Saved request http://localhost:8080/error?name=bench&bodyPart=chest&page=0&size=10&continue to session
2025-02-07T18:52:45.504+07:00 DEBUG 16200 --- [healthtrackr] [http-nio-8080-exec-3] o.s.s.w.a.Http403ForbiddenEntryPoint     : Pre-authenticated entry point called. Rejecting access
2025-02-07T18:52:45.508+07:00 DEBUG 16200 --- [healthtrackr] [http-nio-8080-exec-4] o.s.security.web.FilterChainProxy        : Securing GET /error?name=bench&bodyPart=chest&page=0&size=10&continue
2025-02-07T18:52:45.509+07:00 DEBUG 16200 --- [healthtrackr] [http-nio-8080-exec-4] o.s.s.w.a.AnonymousAuthenticationFilter  : Set SecurityContextHolder to anonymous SecurityContext
2025-02-07T18:52:45.512+07:00 DEBUG 16200 --- [healthtrackr] [http-nio-8080-exec-4] o.s.s.w.s.HttpSessionRequestCache        : Saved request http://localhost:8080/error?name=bench&bodyPart=chest&page=0&size=10&continue to session
2025-02-07T18:52:45.512+07:00 DEBUG 16200 --- [healthtrackr] [http-nio-8080-exec-4] o.s.s.w.a.Http403ForbiddenEntryPoint     : Pre-authenticated entry point called. Rejecting access
2025-02-07T18:52:45.514+07:00 DEBUG 16200 --- [healthtrackr] [http-nio-8080-exec-4] o.s.security.web.FilterChainProxy        : Securing GET /error?name=bench&bodyPart=chest&page=0&size=10&continue
2025-02-07T18:52:45.516+07:00 DEBUG 16200 --- [healthtrackr] [http-nio-8080-exec-4] o.s.s.w.s.HttpSessionRequestCache        : Loaded matching saved request http://localhost:8080/error?name=bench&bodyPart=chest&page=0&size=10&continue
2025-02-07T18:52:45.517+07:00 DEBUG 16200 --- [healthtrackr] [http-nio-8080-exec-4] o.s.s.w.a.AnonymousAuthenticationFilter  : Set SecurityContextHolder to anonymous SecurityContext
2025-02-07T18:52:45.518+07:00 DEBUG 16200 --- [healthtrackr] [http-nio-8080-exec-4] o.s.s.w.s.HttpSessionRequestCache        : Saved request http://localhost:8080/error?name=bench&bodyPart=chest&page=0&size=10&continue to session
2025-02-07T18:52:45.519+07:00 DEBUG 16200 --- [healthtrackr] [http-nio-8080-exec-4] o.s.s.w.a.Http403ForbiddenEntryPoint     : Pre-authenticated entry point called. Rejecting access
2025-02-07T18:52:48.463+07:00 DEBUG 16200 --- [healthtrackr] [http-nio-8080-exec-5] o.s.security.web.FilterChainProxy        : Securing GET /error?name=bench&bodyPart=chest&page=0&size=10&continue
2025-02-07T18:52:48.464+07:00 DEBUG 16200 --- [healthtrackr] [http-nio-8080-exec-5] o.s.s.w.s.HttpSessionRequestCache        : Loaded matching saved request http://localhost:8080/error?name=bench&bodyPart=chest&page=0&size=10&continue
2025-02-07T18:52:48.465+07:00 DEBUG 16200 --- [healthtrackr] [http-nio-8080-exec-5] o.s.s.w.a.AnonymousAuthenticationFilter  : Set SecurityContextHolder to anonymous SecurityContext
2025-02-07T18:52:48.466+07:00 DEBUG 16200 --- [healthtrackr] [http-nio-8080-exec-5] o.s.s.w.s.HttpSessionRequestCache        : Saved request http://localhost:8080/error?name=bench&bodyPart=chest&page=0&size=10&continue to session
2025-02-07T18:52:48.467+07:00 DEBUG 16200 --- [healthtrackr] [http-nio-8080-exec-5] o.s.s.w.a.Http403ForbiddenEntryPoint     : Pre-authenticated entry point called. Rejecting access
2025-02-07T18:52:48.468+07:00 DEBUG 16200 --- [healthtrackr] [http-nio-8080-exec-5] o.s.security.web.FilterChainProxy        : Securing GET /error?name=bench&bodyPart=chest&page=0&size=10&continue
2025-02-07T18:52:48.468+07:00 DEBUG 16200 --- [healthtrackr] [http-nio-8080-exec-5] o.s.s.w.s.HttpSessionRequestCache        : Loaded matching saved request http://localhost:8080/error?name=bench&bodyPart=chest&page=0&size=10&continue
2025-02-07T18:52:48.469+07:00 DEBUG 16200 --- [healthtrackr] [http-nio-8080-exec-5] o.s.s.w.a.AnonymousAuthenticationFilter  : Set SecurityContextHolder to anonymous SecurityContext
2025-02-07T18:52:48.469+07:00 DEBUG 16200 --- [healthtrackr] [http-nio-8080-exec-5] o.s.s.w.s.HttpSessionRequestCache        : Saved request http://localhost:8080/error?name=bench&bodyPart=chest&page=0&size=10&continue to session
2025-02-07T18:52:48.470+07:00 DEBUG 16200 --- [healthtrackr] [http-nio-8080-exec-5] o.s.s.w.a.Http403ForbiddenEntryPoint     : Pre-authenticated entry point called. Rejecting access
2025-02-07T18:52:49.311+07:00 DEBUG 16200 --- [healthtrackr] [http-nio-8080-exec-6] o.s.security.web.FilterChainProxy        : Securing GET /error?name=bench&bodyPart=chest&page=0&size=10&continue
2025-02-07T18:52:49.312+07:00 DEBUG 16200 --- [healthtrackr] [http-nio-8080-exec-6] o.s.s.w.s.HttpSessionRequestCache        : Loaded matching saved request http://localhost:8080/error?name=bench&bodyPart=chest&page=0&size=10&continue
2025-02-07T18:52:49.313+07:00 DEBUG 16200 --- [healthtrackr] [http-nio-8080-exec-6] o.s.s.w.a.AnonymousAuthenticationFilter  : Set SecurityContextHolder to anonymous SecurityContext
2025-02-07T18:52:49.314+07:00 DEBUG 16200 --- [healthtrackr] [http-nio-8080-exec-6] o.s.s.w.s.HttpSessionRequestCache        : Saved request http://localhost:8080/error?name=bench&bodyPart=chest&page=0&size=10&continue to session
2025-02-07T18:52:49.314+07:00 DEBUG 16200 --- [healthtrackr] [http-nio-8080-exec-6] o.s.s.w.a.Http403ForbiddenEntryPoint     : Pre-authenticated entry point called. Rejecting access
2025-02-07T18:52:49.315+07:00 DEBUG 16200 --- [healthtrackr] [http-nio-8080-exec-6] o.s.security.web.FilterChainProxy        : Securing GET /error?name=bench&bodyPart=chest&page=0&size=10&continue
2025-02-07T18:52:49.315+07:00 DEBUG 16200 --- [healthtrackr] [http-nio-8080-exec-6] o.s.s.w.s.HttpSessionRequestCache        : Loaded matching saved request http://localhost:8080/error?name=bench&bodyPart=chest&page=0&size=10&continue
2025-02-07T18:52:49.316+07:00 DEBUG 16200 --- [healthtrackr] [http-nio-8080-exec-6] o.s.s.w.a.AnonymousAuthenticationFilter  : Set SecurityContextHolder to anonymous SecurityContext
2025-02-07T18:52:49.317+07:00 DEBUG 16200 --- [healthtrackr] [http-nio-8080-exec-6] o.s.s.w.s.HttpSessionRequestCache        : Saved request http://localhost:8080/error?name=bench&bodyPart=chest&page=0&size=10&continue to session
2025-02-07T18:52:49.317+07:00 DEBUG 16200 --- [healthtrackr] [http-nio-8080-exec-6] o.s.s.w.a.Http403ForbiddenEntryPoint     : Pre-authenticated entry point called. Rejecting access
